This file contains any messages produced by compilers while
running configure, to aid debugging if configure makes a mistake.

It was created by configure, which was
generated by GNU Autoconf 2.69.  Invocation command line was

  $ ./configure 

## --------- ##
## Platform. ##
## --------- ##

hostname = maolan.drt.drt
uname -m = amd64
uname -r = 12.0-RELEASE-p8
uname -s = FreeBSD
uname -v = FreeBSD 12.0-RELEASE-p8 GENERIC 

/usr/bin/uname -p = amd64
/bin/uname -X     = unknown

/bin/arch              = unknown
/usr/bin/arch -k       = unknown
/usr/convex/getsysinfo = unknown
/usr/bin/hostinfo      = unknown
/bin/machine           = unknown
/usr/bin/oslevel       = unknown
/bin/universe          = unknown

PATH: /usr/local/libexec/ccache
PATH: /sbin
PATH: /bin
PATH: /usr/sbin
PATH: /usr/bin
PATH: /usr/local/sbin
PATH: /usr/local/bin
PATH: /home/devel/bin


## ----------- ##
## Core tests. ##
## ----------- ##

configure:1857: checking for gcc
configure:1887: result: no
configure:1950: checking for cc
configure:1971: found /usr/local/libexec/ccache/cc
configure:1994: result: cc
configure:2113: checking for C compiler version
configure:2122: cc --version >&5
FreeBSD clang version 6.0.1 (tags/RELEASE_601/final 335540) (based on LLVM 6.0.1)
Target: x86_64-unknown-freebsd12.0
Thread model: posix
InstalledDir: /usr/bin
configure:2133: $? = 0
configure:2122: cc -v >&5
FreeBSD clang version 6.0.1 (tags/RELEASE_601/final 335540) (based on LLVM 6.0.1)
Target: x86_64-unknown-freebsd12.0
Thread model: posix
InstalledDir: /usr/bin
configure:2133: $? = 0
configure:2122: cc -V >&5
cc: error: argument to '-V' is missing (expected 1 value)
cc: error: no input files
configure:2133: $? = 1
configure:2122: cc -qversion >&5
cc: error: unknown argument: '-qversion'
cc: error: no input files
configure:2133: $? = 1
configure:2153: checking whether the C compiler works
configure:2175: cc    conftest.c  >&5
configure:2179: $? = 0
configure:2227: result: yes
configure:2230: checking for C compiler default output file name
configure:2232: result: a.out
configure:2238: checking for suffix of executables
configure:2245: cc -o conftest    conftest.c  >&5
configure:2249: $? = 0
configure:2271: result: 
configure:2293: checking whether we are cross compiling
configure:2301: cc -o conftest    conftest.c  >&5
configure:2305: $? = 0
configure:2312: ./conftest
configure:2316: $? = 0
configure:2331: result: no
configure:2336: checking for suffix of object files
configure:2358: cc -c   conftest.c >&5
configure:2362: $? = 0
configure:2383: result: o
configure:2387: checking whether we are using the GNU C compiler
configure:2406: cc -c   conftest.c >&5
configure:2406: $? = 0
configure:2415: result: yes
configure:2424: checking whether cc accepts -g
configure:2444: cc -c -g  conftest.c >&5
configure:2444: $? = 0
configure:2485: result: yes
configure:2502: checking for cc option to accept ISO C89
configure:2565: cc  -c   conftest.c >&5
configure:2565: $? = 0
configure:2578: result: none needed
configure:2656: checking for g++
configure:2686: result: no
configure:2656: checking for c++
configure:2672: found /usr/local/libexec/ccache/c++
configure:2683: result: c++
configure:2710: checking for C++ compiler version
configure:2719: c++ --version >&5
FreeBSD clang version 6.0.1 (tags/RELEASE_601/final 335540) (based on LLVM 6.0.1)
Target: x86_64-unknown-freebsd12.0
Thread model: posix
InstalledDir: /usr/bin
configure:2730: $? = 0
configure:2719: c++ -v >&5
FreeBSD clang version 6.0.1 (tags/RELEASE_601/final 335540) (based on LLVM 6.0.1)
Target: x86_64-unknown-freebsd12.0
Thread model: posix
InstalledDir: /usr/bin
configure:2730: $? = 0
configure:2719: c++ -V >&5
c++: error: argument to '-V' is missing (expected 1 value)
c++: error: no input files
configure:2730: $? = 1
configure:2719: c++ -qversion >&5
c++: error: unknown argument: '-qversion'
c++: error: no input files
configure:2730: $? = 1
configure:2734: checking whether we are using the GNU C++ compiler
configure:2753: c++ -c   conftest.cpp >&5
configure:2753: $? = 0
configure:2762: result: yes
configure:2771: checking whether c++ accepts -g
configure:2791: c++ -c -g  conftest.cpp >&5
configure:2791: $? = 0
configure:2832: result: yes
configure:3009: creating ./config.status

## ---------------------- ##
## Running config.status. ##
## ---------------------- ##

This file was extended by config.status, which was
generated by GNU Autoconf 2.69.  Invocation command line was

  CONFIG_FILES    = 
  CONFIG_HEADERS  = 
  CONFIG_LINKS    = 
  CONFIG_COMMANDS = 
  $ ./config.status 

on maolan.drt.drt

config.status:724: creating makeinclude.configured
configure:4166: creating ./config.status

## ---------------------- ##
## Running config.status. ##
## ---------------------- ##

This file was extended by config.status, which was
generated by GNU Autoconf 2.69.  Invocation command line was

  CONFIG_FILES    = 
  CONFIG_HEADERS  = 
  CONFIG_LINKS    = 
  CONFIG_COMMANDS = 
  $ ./config.status 

on maolan.drt.drt

config.status:725: creating makeinclude.configured
config.status:725: creating maolan/config.h

## ---------------- ##
## Cache variables. ##
## ---------------- ##

ac_cv_c_compiler_gnu=yes
ac_cv_cxx_compiler_gnu=yes
ac_cv_env_CCC_set=''
ac_cv_env_CCC_value=''
ac_cv_env_CC_set=''
ac_cv_env_CC_value=''
ac_cv_env_CFLAGS_set=''
ac_cv_env_CFLAGS_value=''
ac_cv_env_CPPFLAGS_set=''
ac_cv_env_CPPFLAGS_value=''
ac_cv_env_CXXFLAGS_set=''
ac_cv_env_CXXFLAGS_value=''
ac_cv_env_CXX_set=''
ac_cv_env_CXX_value=''
ac_cv_env_LDFLAGS_set=''
ac_cv_env_LDFLAGS_value=''
ac_cv_env_LIBS_set=''
ac_cv_env_LIBS_value=''
ac_cv_env_build_alias_set=''
ac_cv_env_build_alias_value=''
ac_cv_env_host_alias_set=''
ac_cv_env_host_alias_value=''
ac_cv_env_target_alias_set=''
ac_cv_env_target_alias_value=''
ac_cv_objext=o
ac_cv_prog_CC=cc
ac_cv_prog_ac_ct_CXX=c++
ac_cv_prog_cc_c89=''
ac_cv_prog_cc_g=yes
ac_cv_prog_cxx_g=yes

## ----------------- ##
## Output variables. ##
## ----------------- ##

CC='cc'
CFLAGS=''
CPPFLAGS=''
CXX='c++'
CXXFLAGS=''
DEFS='-DPACKAGE_NAME=\"\" -DPACKAGE_TARNAME=\"\" -DPACKAGE_VERSION=\"\" -DPACKAGE_STRING=\"\" -DPACKAGE_BUGREPORT=\"\" -DPACKAGE_URL=\"\"'
ECHO_C=''
ECHO_N='-n'
ECHO_T=''
EXEEXT=''
LDFLAGS=''
LIBOBJS=''
LIBS=''
LTLIBOBJS=''
MAOLAN_MAJOR_VERSION='0'
MAOLAN_MINOR_VERSION='0'
MAOLAN_PATCH_VERSION='1'
OBJEXT='o'
PACKAGE_BUGREPORT=''
PACKAGE_NAME=''
PACKAGE_STRING=''
PACKAGE_TARNAME=''
PACKAGE_URL=''
PACKAGE_VERSION=''
PATH_SEPARATOR=':'
SHELL='/bin/sh'
ac_ct_CC=''
ac_ct_CXX='c++'
bindir='${exec_prefix}/bin'
build_alias=''
datadir='${datarootdir}'
datarootdir='${prefix}/share'
docdir='${datarootdir}/doc/${PACKAGE}'
dvidir='${docdir}'
exec_prefix='${prefix}'
host_alias=''
htmldir='${docdir}'
includedir='${prefix}/include'
infodir='${datarootdir}/info'
libdir='${exec_prefix}/lib'
libexecdir='${exec_prefix}/libexec'
localedir='${datarootdir}/locale'
localstatedir='${prefix}/var'
mandir='${datarootdir}/man'
oldincludedir='/usr/include'
pdfdir='${docdir}'
prefix='/usr/local'
program_transform_name='s,x,x,'
psdir='${docdir}'
sbindir='${exec_prefix}/sbin'
sharedstatedir='${prefix}/com'
sysconfdir='${prefix}/etc'
target_alias=''

## ----------- ##
## confdefs.h. ##
## ----------- ##

/* confdefs.h */
#define PACKAGE_NAME ""
#define PACKAGE_TARNAME ""
#define PACKAGE_VERSION ""
#define PACKAGE_STRING ""
#define PACKAGE_BUGREPORT ""
#define PACKAGE_URL ""

configure: exit 0
